Arguments: 
  /home/paulohenrique/.nvm/versions/node/v10.16.3/bin/node /usr/share/yarn/bin/yarn.js add express

PATH: 
  /home/paulohenrique/.nvm/versions/node/v10.16.3/bin:/usr/local/sbin:/usr/local/bin:/usr/sbin:/usr/bin:/sbin:/bin:/usr/games:/usr/local/games:/home/paulohenrique/.yarn/bin:/home/paulohenrique/.yarn/bin

Yarn version: 
  1.21.1

Node version: 
  10.16.3

Platform: 
  linux x64

Trace: 
  Error: getaddrinfo EAI_AGAIN registry.yarnpkg.com registry.yarnpkg.com:443
      at GetAddrInfoReqWrap.onlookup [as oncomplete] (dns.js:56:26)

npm manifest: 
  {
    "name": "backend",
    "version": "1.0.0",
    "main": "index.js",
    "license": "MIT"
  }

yarn manifest: 
  No manifest

Lockfile: 
  No lockfile
